<?xml version="1.0" encoding="UTF-8"?>
<testng-results ignored="0" total="1" passed="1" failed="0" skipped="0">
  <reporter-output>
  </reporter-output>
  <suite started-at="2021-03-12T02:59:37Z" name="Regression" finished-at="2021-03-12T02:59:53Z" duration-ms="16393">
    <groups>
      <group name="cucumber">
        <method signature="AbstractTestNGCucumberTests.feature(cucumber.api.testng.CucumberFeatureWrapper)[pri:0, instance:com.TestRunner.TestRunnerr@4ef782af]" name="feature" class="cucumber.api.testng.AbstractTestNGCucumberTests"/>
      </group> <!-- cucumber -->
    </groups>
    <test started-at="2021-03-12T02:59:37Z" name="Test" finished-at="2021-03-12T02:59:53Z" duration-ms="16393">
      <class name="com.TestRunner.TestRunnerr">
        <test-method is-config="true" signature="setUP()[pri:0, instance:com.TestRunner.TestRunnerr@4ef782af]" started-at="2021-03-12T02:59:37Z" name="setUP" finished-at="2021-03-12T02:59:42Z" duration-ms="5278" status="PASS">
          <reporter-output>
          </reporter-output>
        </test-method> <!-- setUP -->
        <test-method is-config="true" signature="setUpClass()[pri:0, instance:com.TestRunner.TestRunnerr@4ef782af]" started-at="2021-03-12T02:59:42Z" name="setUpClass" finished-at="2021-03-12T02:59:43Z" duration-ms="928" status="PASS">
          <reporter-output>
          </reporter-output>
        </test-method> <!-- setUpClass -->
        <test-method signature="feature(cucumber.api.testng.CucumberFeatureWrapper)[pri:0, instance:com.TestRunner.TestRunnerr@4ef782af]" started-at="2021-03-12T02:59:43Z" name="feature" description="Runs Cucumber Feature" data-provider="features" finished-at="2021-03-12T02:59:51Z" duration-ms="7908" status="PASS">
          <params>
            <param index="0">
              <value>
                <![CDATA[Login]]>
              </value>
            </param>
          </params>
          <reporter-output>
          </reporter-output>
        </test-method> <!-- feature -->
        <test-method is-config="true" signature="tearDownClass()[pri:0, instance:com.TestRunner.TestRunnerr@4ef782af]" started-at="2021-03-12T02:59:51Z" name="tearDownClass" finished-at="2021-03-12T02:59:51Z" duration-ms="18" status="PASS">
          <reporter-output>
          </reporter-output>
        </test-method> <!-- tearDownClass -->
        <test-method is-config="true" signature="close()[pri:0, instance:com.TestRunner.TestRunnerr@4ef782af]" started-at="2021-03-12T02:59:51Z" name="close" finished-at="2021-03-12T02:59:53Z" duration-ms="1926" status="PASS">
          <reporter-output>
          </reporter-output>
        </test-method> <!-- close -->
      </class> <!-- com.TestRunner.TestRunnerr -->
    </test> <!-- Test -->
  </suite> <!-- Regression -->
</testng-results>
